This file contains any messages produced by compilers while
running configure, to aid debugging if configure makes a mistake.

It was created by configure, which was
generated by GNU Autoconf 2.68.  Invocation command line was

  $ ./configure 

## --------- ##
## Platform. ##
## --------- ##

hostname = 26eb5b70dae2
uname -m = x86_64
uname -r = 6.19.11-arch1-1
uname -s = Linux
uname -v = #1 SMP PREEMPT_DYNAMIC Thu, 02 Apr 2026 23:33:01 +0000

/usr/bin/uname -p = x86_64
/bin/uname -X     = unknown

/bin/arch              = x86_64
/usr/bin/arch -k       = unknown
/usr/convex/getsysinfo = unknown
/usr/bin/hostinfo      = unknown
/bin/machine           = unknown
/usr/bin/oslevel       = unknown
/bin/universe          = unknown

PATH: /usr/local/sbin
PATH: /usr/local/bin
PATH: /usr/sbin
PATH: /usr/bin
PATH: /sbin
PATH: /bin
PATH: /usr/games
PATH: /usr/local/games
PATH: /snap/bin


## ----------- ##
## Core tests. ##
## ----------- ##

configure:2608: checking for a BSD-compatible install
configure:2676: result: /usr/bin/install -c
configure:2687: checking whether build environment is sane
configure:2737: result: yes
configure:2878: checking for a thread-safe mkdir -p
configure:2917: result: /usr/bin/mkdir -p
configure:2930: checking for gawk
configure:2960: result: no
configure:2930: checking for mawk
configure:2946: found /usr/bin/mawk
configure:2957: result: mawk
configure:2968: checking whether make sets $(MAKE)
configure:2990: result: yes
configure:3133: checking for gcc
configure:3149: found /usr/bin/gcc
configure:3160: result: gcc
configure:3389: checking for C compiler version
configure:3398: gcc --version >&5
gcc (Ubuntu 11.4.0-1ubuntu1~22.04.3) 11.4.0
Copyright (C) 2021 Free Software Foundation, Inc.
This is free software; see the source for copying conditions.  There is NO
warranty; not even for MERCHANTABILITY or FITNESS FOR A PARTICULAR PURPOSE.

configure:3409: $? = 0
configure:3398: gcc -v >&5
Using built-in specs.
COLLECT_GCC=gcc
COLLECT_LTO_WRAPPER=/usr/lib/gcc/x86_64-linux-gnu/11/lto-wrapper
OFFLOAD_TARGET_NAMES=nvptx-none:amdgcn-amdhsa
OFFLOAD_TARGET_DEFAULT=1
Target: x86_64-linux-gnu
Configured with: ../src/configure -v --with-pkgversion='Ubuntu 11.4.0-1ubuntu1~22.04.3' --with-bugurl=file:///usr/share/doc/gcc-11/README.Bugs --enable-languages=c,ada,c++,go,brig,d,fortran,objc,obj-c++,m2 --prefix=/usr --with-gcc-major-version-only --program-suffix=-11 --program-prefix=x86_64-linux-gnu- --enable-shared --enable-linker-build-id --libexecdir=/usr/lib --without-included-gettext --enable-threads=posix --libdir=/usr/lib --enable-nls --enable-bootstrap --enable-clocale=gnu --enable-libstdcxx-debug --enable-libstdcxx-time=yes --with-default-libstdcxx-abi=new --enable-gnu-unique-object --disable-vtable-verify --enable-plugin --enable-default-pie --with-system-zlib --enable-libphobos-checking=release --with-target-system-zlib=auto --enable-objc-gc=auto --enable-multiarch --disable-werror --enable-cet --with-arch-32=i686 --with-abi=m64 --with-multilib-list=m32,m64,mx32 --enable-multilib --with-tune=generic --enable-offload-targets=nvptx-none=/build/gcc-11-0odw26/gcc-11-11.4.0/debian/tmp-nvptx/usr,amdgcn-amdhsa=/build/gcc-11-0odw26/gcc-11-11.4.0/debian/tmp-gcn/usr --without-cuda-driver --enable-checking=release --build=x86_64-linux-gnu --host=x86_64-linux-gnu --target=x86_64-linux-gnu --with-build-config=bootstrap-lto-lean --enable-link-serialization=2
Thread model: posix
Supported LTO compression algorithms: zlib zstd
gcc version 11.4.0 (Ubuntu 11.4.0-1ubuntu1~22.04.3) 
... rest of stderr output deleted ...
configure:3409: $? = 0
configure:3398: gcc -V >&5
gcc: error: unrecognized command-line option '-V'
gcc: fatal error: no input files
compilation terminated.
configure:3409: $? = 1
configure:3398: gcc -qversion >&5
gcc: error: unrecognized command-line option '-qversion'; did you mean '--version'?
gcc: fatal error: no input files
compilation terminated.
configure:3409: $? = 1
configure:3429: checking whether the C compiler works
configure:3451: gcc    conftest.c  >&5
configure:3455: $? = 0
configure:3503: result: yes
configure:3506: checking for C compiler default output file name
configure:3508: result: a.out
configure:3514: checking for suffix of executables
configure:3521: gcc -o conftest    conftest.c  >&5
configure:3525: $? = 0
configure:3547: result: 
configure:3569: checking whether we are cross compiling
configure:3577: gcc -o conftest    conftest.c  >&5
configure:3581: $? = 0
configure:3588: ./conftest
configure:3592: $? = 0
configure:3607: result: no
configure:3612: checking for suffix of object files
configure:3634: gcc -c   conftest.c >&5
configure:3638: $? = 0
configure:3659: result: o
configure:3663: checking whether we are using the GNU C compiler
configure:3682: gcc -c   conftest.c >&5
configure:3682: $? = 0
configure:3691: result: yes
configure:3700: checking whether gcc accepts -g
configure:3720: gcc -c -g  conftest.c >&5
configure:3720: $? = 0
configure:3761: result: yes
configure:3778: checking for gcc option to accept ISO C89
configure:3842: gcc  -c -g -O2  conftest.c >&5
configure:3842: $? = 0
configure:3855: result: none needed
configure:3886: checking for style of include used by make
configure:3914: result: GNU
configure:3940: checking dependency style of gcc
configure:4051: result: none
configure:4124: checking for g++
configure:4140: found /usr/bin/g++
configure:4151: result: g++
configure:4178: checking for C++ compiler version
configure:4187: g++ --version >&5
g++ (Ubuntu 11.4.0-1ubuntu1~22.04.3) 11.4.0
Copyright (C) 2021 Free Software Foundation, Inc.
This is free software; see the source for copying conditions.  There is NO
warranty; not even for MERCHANTABILITY or FITNESS FOR A PARTICULAR PURPOSE.

configure:4198: $? = 0
configure:4187: g++ -v >&5
Using built-in specs.
COLLECT_GCC=g++
COLLECT_LTO_WRAPPER=/usr/lib/gcc/x86_64-linux-gnu/11/lto-wrapper
OFFLOAD_TARGET_NAMES=nvptx-none:amdgcn-amdhsa
OFFLOAD_TARGET_DEFAULT=1
Target: x86_64-linux-gnu
Configured with: ../src/configure -v --with-pkgversion='Ubuntu 11.4.0-1ubuntu1~22.04.3' --with-bugurl=file:///usr/share/doc/gcc-11/README.Bugs --enable-languages=c,ada,c++,go,brig,d,fortran,objc,obj-c++,m2 --prefix=/usr --with-gcc-major-version-only --program-suffix=-11 --program-prefix=x86_64-linux-gnu- --enable-shared --enable-linker-build-id --libexecdir=/usr/lib --without-included-gettext --enable-threads=posix --libdir=/usr/lib --enable-nls --enable-bootstrap --enable-clocale=gnu --enable-libstdcxx-debug --enable-libstdcxx-time=yes --with-default-libstdcxx-abi=new --enable-gnu-unique-object --disable-vtable-verify --enable-plugin --enable-default-pie --with-system-zlib --enable-libphobos-checking=release --with-target-system-zlib=auto --enable-objc-gc=auto --enable-multiarch --disable-werror --enable-cet --with-arch-32=i686 --with-abi=m64 --with-multilib-list=m32,m64,mx32 --enable-multilib --with-tune=generic --enable-offload-targets=nvptx-none=/build/gcc-11-0odw26/gcc-11-11.4.0/debian/tmp-nvptx/usr,amdgcn-amdhsa=/build/gcc-11-0odw26/gcc-11-11.4.0/debian/tmp-gcn/usr --without-cuda-driver --enable-checking=release --build=x86_64-linux-gnu --host=x86_64-linux-gnu --target=x86_64-linux-gnu --with-build-config=bootstrap-lto-lean --enable-link-serialization=2
Thread model: posix
Supported LTO compression algorithms: zlib zstd
gcc version 11.4.0 (Ubuntu 11.4.0-1ubuntu1~22.04.3) 
... rest of stderr output deleted ...
configure:4198: $? = 0
configure:4187: g++ -V >&5
g++: error: unrecognized command-line option '-V'
g++: fatal error: no input files
compilation terminated.
configure:4198: $? = 1
configure:4187: g++ -qversion >&5
g++: error: unrecognized command-line option '-qversion'; did you mean '--version'?
g++: fatal error: no input files
compilation terminated.
configure:4198: $? = 1
configure:4202: checking whether we are using the GNU C++ compiler
configure:4221: g++ -c   conftest.cpp >&5
configure:4221: $? = 0
configure:4230: result: yes
configure:4239: checking whether g++ accepts -g
configure:4259: g++ -c -g  conftest.cpp >&5
configure:4259: $? = 0
configure:4300: result: yes
configure:4325: checking dependency style of g++
configure:4436: result: none
configure:4457: checking how to run the C preprocessor
configure:4488: gcc -E  conftest.c
configure:4488: $? = 0
configure:4502: gcc -E  conftest.c
conftest.c:11:10: fatal error: ac_nonexistent.h: No such file or directory
   11 | #include <ac_nonexistent.h>
      |          ^~~~~~~~~~~~~~~~~~
compilation terminated.
configure:4502: $? = 1
configure: failed program was:
| /* confdefs.h */
| #define PACKAGE_NAME ""
| #define PACKAGE_TARNAME ""
| #define PACKAGE_VERSION ""
| #define PACKAGE_STRING ""
| #define PACKAGE_BUGREPORT ""
| #define PACKAGE_URL ""
| #define PACKAGE "mecab"
| #define VERSION "0.996"
| /* end confdefs.h.  */
| #include <ac_nonexistent.h>
configure:4527: result: gcc -E
configure:4547: gcc -E  conftest.c
configure:4547: $? = 0
configure:4561: gcc -E  conftest.c
conftest.c:11:10: fatal error: ac_nonexistent.h: No such file or directory
   11 | #include <ac_nonexistent.h>
      |          ^~~~~~~~~~~~~~~~~~
compilation terminated.
configure:4561: $? = 1
configure: failed program was:
| /* confdefs.h */
| #define PACKAGE_NAME ""
| #define PACKAGE_TARNAME ""
| #define PACKAGE_VERSION ""
| #define PACKAGE_STRING ""
| #define PACKAGE_BUGREPORT ""
| #define PACKAGE_URL ""
| #define PACKAGE "mecab"
| #define VERSION "0.996"
| /* end confdefs.h.  */
| #include <ac_nonexistent.h>
configure:4590: checking for grep that handles long lines and -e
configure:4648: result: /usr/bin/grep
configure:4653: checking for egrep
configure:4715: result: /usr/bin/grep -E
configure:4721: checking whether gcc needs -traditional
configure:4755: result: no
configure:4762: checking whether make sets $(MAKE)
configure:4784: result: yes
configure:4797: checking build system type
configure:4811: result: x86_64-unknown-linux-gnu
configure:4831: checking host system type
configure:4844: result: x86_64-unknown-linux-gnu
configure:5213: checking how to print strings
configure:5240: result: printf
configure:5261: checking for a sed that does not truncate output
configure:5325: result: /usr/bin/sed
configure:5343: checking for fgrep
configure:5405: result: /usr/bin/grep -F
configure:5440: checking for ld used by gcc
configure:5507: result: /usr/bin/ld
configure:5514: checking if the linker (/usr/bin/ld) is GNU ld
configure:5529: result: yes
configure:5541: checking for BSD- or MS-compatible name lister (nm)
configure:5590: result: /usr/bin/nm -B
configure:5720: checking the name lister (/usr/bin/nm -B) interface
configure:5727: gcc -c -g -O2  conftest.c >&5
configure:5730: /usr/bin/nm -B "conftest.o"
configure:5733: output
0000000000000000 B some_variable
configure:5740: result: BSD nm
configure:5743: checking whether ln -s works
configure:5747: result: yes
configure:5755: checking the maximum length of command line arguments
configure:5885: result: 1572864
configure:5902: checking whether the shell understands some XSI constructs
configure:5912: result: yes
configure:5916: checking whether the shell understands "+="
configure:5922: result: yes
configure:5957: checking how to convert x86_64-unknown-linux-gnu file names to x86_64-unknown-linux-gnu format
configure:5997: result: func_convert_file_noop
configure:6004: checking how to convert x86_64-unknown-linux-gnu file names to toolchain format
configure:6024: result: func_convert_file_noop
configure:6031: checking for /usr/bin/ld option to reload object files
configure:6038: result: -r
configure:6112: checking for objdump
configure:6139: result: objdump
configure:6168: checking how to recognize dependent libraries
configure:6370: result: pass_all
configure:6455: checking for dlltool
configure:6482: result: dlltool
configure:6512: checking how to associate runtime and link libraries
configure:6539: result: printf %s\n
configure:6599: checking for ar
configure:6615: found /usr/bin/ar
configure:6626: result: ar
configure:6663: checking for archiver @FILE support
configure:6680: gcc -c -g -O2  conftest.c >&5
configure:6680: $? = 0
configure:6683: ar cru libconftest.a @conftest.lst >&5
ar: `u' modifier ignored since `D' is the default (see `U')
configure:6686: $? = 0
configure:6691: ar cru libconftest.a @conftest.lst >&5
ar: `u' modifier ignored since `D' is the default (see `U')
ar: conftest.o: No such file or directory
configure:6694: $? = 1
configure:6706: result: @
configure:6764: checking for strip
configure:6780: found /usr/bin/strip
configure:6791: result: strip
configure:6863: checking for ranlib
configure:6879: found /usr/bin/ranlib
configure:6890: result: ranlib
configure:6992: checking command to parse /usr/bin/nm -B output from gcc object
configure:7112: gcc -c -g -O2  conftest.c >&5
configure:7115: $? = 0
configure:7119: /usr/bin/nm -B conftest.o \| sed -n -e 's/^.*[ ]\([ABCDGIRSTW][ABCDGIRSTW]*\)[ ][ ]*\([_A-Za-z][_A-Za-z0-9]*\)$/\1 \2 \2/p' | sed '/ __gnu_lto/d' \> conftest.nm
configure:7122: $? = 0
configure:7188: gcc -o conftest -g -O2   conftest.c conftstm.o >&5
configure:7191: $? = 0
configure:7229: result: ok
configure:7266: checking for sysroot
configure:7296: result: no
configure:7373: gcc -c -g -O2  conftest.c >&5
configure:7376: $? = 0
configure:7552: checking for mt
configure:7582: result: no
configure:7602: checking if : is a manifest tool
configure:7608: : '-?'
configure:7616: result: no
configure:8253: checking for ANSI C header files
configure:8273: gcc -c -g -O2  conftest.c >&5
configure:8273: $? = 0
configure:8346: gcc -o conftest -g -O2   conftest.c  >&5
configure:8346: $? = 0
configure:8346: ./conftest
configure:8346: $? = 0
configure:8357: result: yes
configure:8370: checking for sys/types.h
configure:8370: gcc -c -g -O2  conftest.c >&5
configure:8370: $? = 0
configure:8370: result: yes
configure:8370: checking for sys/stat.h
configure:8370: gcc -c -g -O2  conftest.c >&5
configure:8370: $? = 0
configure:8370: result: yes
configure:8370: checking for stdlib.h
configure:8370: gcc -c -g -O2  conftest.c >&5
configure:8370: $? = 0
configure:8370: result: yes
configure:8370: checking for string.h
configure:8370: gcc -c -g -O2  conftest.c >&5
configure:8370: $? = 0
configure:8370: result: yes
configure:8370: checking for memory.h
configure:8370: gcc -c -g -O2  conftest.c >&5
configure:8370: $? = 0
configure:8370: result: yes
configure:8370: checking for strings.h
configure:8370: gcc -c -g -O2  conftest.c >&5
configure:8370: $? = 0
configure:8370: result: yes
configure:8370: checking for inttypes.h
configure:8370: gcc -c -g -O2  conftest.c >&5
configure:8370: $? = 0
configure:8370: result: yes
configure:8370: checking for stdint.h
configure:8370: gcc -c -g -O2  conftest.c >&5
configure:8370: $? = 0
configure:8370: result: yes
configure:8370: checking for unistd.h
configure:8370: gcc -c -g -O2  conftest.c >&5
configure:8370: $? = 0
configure:8370: result: yes
configure:8384: checking for dlfcn.h
configure:8384: gcc -c -g -O2  conftest.c >&5
configure:8384: $? = 0
configure:8384: result: yes
configure:8599: checking for objdir
configure:8614: result: .libs
configure:8881: checking if gcc supports -fno-rtti -fno-exceptions
configure:8899: gcc -c -g -O2  -fno-rtti -fno-exceptions conftest.c >&5
cc1: warning: command-line option '-fno-rtti' is valid for C++/D/ObjC++ but not for C
configure:8903: $? = 0
configure:8916: result: no
configure:9243: checking for gcc option to produce PIC
configure:9250: result: -fPIC -DPIC
configure:9258: checking if gcc PIC flag -fPIC -DPIC works
configure:9276: gcc -c -g -O2  -fPIC -DPIC -DPIC conftest.c >&5
configure:9280: $? = 0
configure:9293: result: yes
configure:9322: checking if gcc static flag -static works
configure:9350: result: yes
configure:9365: checking if gcc supports -c -o file.o
configure:9386: gcc -c -g -O2  -o out/conftest2.o conftest.c >&5
configure:9390: $? = 0
configure:9412: result: yes
configure:9420: checking if gcc supports -c -o file.o
configure:9467: result: yes
configure:9500: checking whether the gcc linker (/usr/bin/ld -m elf_x86_64) supports shared libraries
configure:10657: result: yes
configure:10694: checking whether -lc should be explicitly linked in
configure:10702: gcc -c -g -O2  conftest.c >&5
configure:10705: $? = 0
configure:10720: gcc -shared  -fPIC -DPIC conftest.o  -v -Wl,-soname -Wl,conftest -o conftest 2\>\&1 \| /usr/bin/grep  -lc  \>/dev/null 2\>\&1
configure:10723: $? = 0
configure:10737: result: no
configure:10897: checking dynamic linker characteristics
configure:11408: gcc -o conftest -g -O2   -Wl,-rpath -Wl,/foo conftest.c  >&5
configure:11408: $? = 0
configure:11642: result: GNU/Linux ld.so
configure:11749: checking how to hardcode library paths into programs
configure:11774: result: immediate
configure:12314: checking whether stripping libraries is possible
configure:12319: result: yes
configure:12354: checking if libtool supports shared libraries
configure:12356: result: yes
configure:12359: checking whether to build shared libraries
configure:12380: result: yes
configure:12383: checking whether to build static libraries
configure:12387: result: yes
configure:12410: checking how to run the C++ preprocessor
configure:12437: g++ -E  conftest.cpp
configure:12437: $? = 0
configure:12451: g++ -E  conftest.cpp
conftest.cpp:23:10: fatal error: ac_nonexistent.h: No such file or directory
   23 | #include <ac_nonexistent.h>
      |          ^~~~~~~~~~~~~~~~~~
compilation terminated.
configure:12451: $? = 1
configure: failed program was:
| /* confdefs.h */
| #define PACKAGE_NAME ""
| #define PACKAGE_TARNAME ""
| #define PACKAGE_VERSION ""
| #define PACKAGE_STRING ""
| #define PACKAGE_BUGREPORT ""
| #define PACKAGE_URL ""
| #define PACKAGE "mecab"
| #define VERSION "0.996"
| #define STDC_HEADERS 1
| #define HAVE_SYS_TYPES_H 1
| #define HAVE_SYS_STAT_H 1
| #define HAVE_STDLIB_H 1
| #define HAVE_STRING_H 1
| #define HAVE_MEMORY_H 1
| #define HAVE_STRINGS_H 1
| #define HAVE_INTTYPES_H 1
| #define HAVE_STDINT_H 1
| #define HAVE_UNISTD_H 1
| #define HAVE_DLFCN_H 1
| #define LT_OBJDIR ".libs/"
| /* end confdefs.h.  */
| #include <ac_nonexistent.h>
configure:12476: result: g++ -E
configure:12496: g++ -E  conftest.cpp
configure:12496: $? = 0
configure:12510: g++ -E  conftest.cpp
conftest.cpp:23:10: fatal error: ac_nonexistent.h: No such file or directory
   23 | #include <ac_nonexistent.h>
      |          ^~~~~~~~~~~~~~~~~~
compilation terminated.
configure:12510: $? = 1
configure: failed program was:
| /* confdefs.h */
| #define PACKAGE_NAME ""
| #define PACKAGE_TARNAME ""
| #define PACKAGE_VERSION ""
| #define PACKAGE_STRING ""
| #define PACKAGE_BUGREPORT ""
| #define PACKAGE_URL ""
| #define PACKAGE "mecab"
| #define VERSION "0.996"
| #define STDC_HEADERS 1
| #define HAVE_SYS_TYPES_H 1
| #define HAVE_SYS_STAT_H 1
| #define HAVE_STDLIB_H 1
| #define HAVE_STRING_H 1
| #define HAVE_MEMORY_H 1
| #define HAVE_STRINGS_H 1
| #define HAVE_INTTYPES_H 1
| #define HAVE_STDINT_H 1
| #define HAVE_UNISTD_H 1
| #define HAVE_DLFCN_H 1
| #define LT_OBJDIR ".libs/"
| /* end confdefs.h.  */
| #include <ac_nonexistent.h>
configure:12679: checking for ld used by g++
configure:12746: result: /usr/bin/ld -m elf_x86_64
configure:12753: checking if the linker (/usr/bin/ld -m elf_x86_64) is GNU ld
configure:12768: result: yes
configure:12823: checking whether the g++ linker (/usr/bin/ld -m elf_x86_64) supports shared libraries
configure:13828: result: yes
configure:13864: g++ -c -g -O2  conftest.cpp >&5
configure:13867: $? = 0
configure:14387: checking for g++ option to produce PIC
configure:14394: result: -fPIC -DPIC
configure:14402: checking if g++ PIC flag -fPIC -DPIC works
configure:14420: g++ -c -g -O2  -fPIC -DPIC -DPIC conftest.cpp >&5
configure:14424: $? = 0
configure:14437: result: yes
configure:14460: checking if g++ static flag -static works
configure:14488: result: yes
configure:14500: checking if g++ supports -c -o file.o
configure:14521: g++ -c -g -O2  -o out/conftest2.o conftest.cpp >&5
configure:14525: $? = 0
configure:14547: result: yes
configure:14552: checking if g++ supports -c -o file.o
configure:14599: result: yes
configure:14629: checking whether the g++ linker (/usr/bin/ld -m elf_x86_64) supports shared libraries
configure:14668: result: yes
configure:14809: checking dynamic linker characteristics
configure:15488: result: GNU/Linux ld.so
configure:15541: checking how to hardcode library paths into programs
configure:15566: result: immediate
configure:15627: checking for library containing strerror
configure:15658: gcc -o conftest -g -O2   conftest.c  >&5
configure:15658: $? = 0
configure:15675: result: none required
configure:15683: checking whether byte ordering is bigendian
configure:15698: gcc -c -g -O2  conftest.c >&5
conftest.c:24:16: error: unknown type name 'not'
   24 |                not a universal capable compiler
      |                ^~~
conftest.c:24:22: error: expected '=', ',', ';', 'asm' or '__attribute__' before 'universal'
   24 |                not a universal capable compiler
      |                      ^~~~~~~~~
conftest.c:24:22: error: unknown type name 'universal'
configure:15698: $? = 1
configure: failed program was:
| /* confdefs.h */
| #define PACKAGE_NAME ""
| #define PACKAGE_TARNAME ""
| #define PACKAGE_VERSION ""
| #define PACKAGE_STRING ""
| #define PACKAGE_BUGREPORT ""
| #define PACKAGE_URL ""
| #define PACKAGE "mecab"
| #define VERSION "0.996"
| #define STDC_HEADERS 1
| #define HAVE_SYS_TYPES_H 1
| #define HAVE_SYS_STAT_H 1
| #define HAVE_STDLIB_H 1
| #define HAVE_STRING_H 1
| #define HAVE_MEMORY_H 1
| #define HAVE_STRINGS_H 1
| #define HAVE_INTTYPES_H 1
| #define HAVE_STDINT_H 1
| #define HAVE_UNISTD_H 1
| #define HAVE_DLFCN_H 1
| #define LT_OBJDIR ".libs/"
| /* end confdefs.h.  */
| #ifndef __APPLE_CC__
| 	       not a universal capable compiler
| 	     #endif
| 	     typedef int dummy;
| 
configure:15743: gcc -c -g -O2  conftest.c >&5
configure:15743: $? = 0
configure:15761: gcc -c -g -O2  conftest.c >&5
conftest.c: In function 'main':
conftest.c:30:18: error: unknown type name 'not'; did you mean 'ino_t'?
   30 |                  not big endian
      |                  ^~~
      |                  ino_t
conftest.c:30:26: error: expected '=', ',', ';', 'asm' or '__attribute__' before 'endian'
   30 |                  not big endian
      |                          ^~~~~~
configure:15761: $? = 1
configure: failed program was:
| /* confdefs.h */
| #define PACKAGE_NAME ""
| #define PACKAGE_TARNAME ""
| #define PACKAGE_VERSION ""
| #define PACKAGE_STRING ""
| #define PACKAGE_BUGREPORT ""
| #define PACKAGE_URL ""
| #define PACKAGE "mecab"
| #define VERSION "0.996"
| #define STDC_HEADERS 1
| #define HAVE_SYS_TYPES_H 1
| #define HAVE_SYS_STAT_H 1
| #define HAVE_STDLIB_H 1
| #define HAVE_STRING_H 1
| #define HAVE_MEMORY_H 1
| #define HAVE_STRINGS_H 1
| #define HAVE_INTTYPES_H 1
| #define HAVE_STDINT_H 1
| #define HAVE_UNISTD_H 1
| #define HAVE_DLFCN_H 1
| #define LT_OBJDIR ".libs/"
| /* end confdefs.h.  */
| #include <sys/types.h>
| 		#include <sys/param.h>
| 
| int
| main ()
| {
| #if BYTE_ORDER != BIG_ENDIAN
| 		 not big endian
| 		#endif
| 
|   ;
|   return 0;
| }
configure:15889: result: no
configure:15953: checking for ld used by GCC
configure:16017: result: /usr/bin/ld -m elf_x86_64
configure:16024: checking if the linker (/usr/bin/ld -m elf_x86_64) is GNU ld
configure:16037: result: yes
configure:16044: checking for shared library run path origin
configure:16057: result: done
configure:16635: checking for iconv
configure:16657: gcc -o conftest -g -O2   conftest.c  >&5
configure:16657: $? = 0
configure:16689: result: yes
configure:16692: checking for working iconv
configure:16787: gcc -o conftest -g -O2   conftest.c  >&5
configure:16787: $? = 0
configure:16787: ./conftest
configure:16787: $? = 0
configure:16799: result: yes
configure:16827: checking for iconv declaration
configure:16856: gcc -c -g -O2  conftest.c >&5
configure:16856: $? = 0
configure:16867: result:
         extern size_t iconv (iconv_t cd, char * *inbuf, size_t *inbytesleft, char * *outbuf, size_t *outbytesleft);
configure:16889: checking for ANSI C header files
configure:16993: result: yes
configure:17001: checking for an ANSI C-conforming const
configure:17066: gcc -c -g -O2  conftest.c >&5
configure:17066: $? = 0
configure:17073: result: yes
configure:17081: checking whether byte ordering is bigendian
configure:17287: result: no
configure:17310: checking for string.h
configure:17310: result: yes
configure:17310: checking for stdlib.h
configure:17310: result: yes
configure:17310: checking for unistd.h
configure:17310: result: yes
configure:17310: checking fcntl.h usability
configure:17310: gcc -c -g -O2  conftest.c >&5
configure:17310: $? = 0
configure:17310: result: yes
configure:17310: checking fcntl.h presence
configure:17310: gcc -E  conftest.c
configure:17310: $? = 0
configure:17310: result: yes
configure:17310: checking for fcntl.h
configure:17310: result: yes
configure:17310: checking for stdint.h
configure:17310: result: yes
configure:17310: checking for sys/stat.h
configure:17310: result: yes
configure:17310: checking sys/mman.h usability
configure:17310: gcc -c -g -O2  conftest.c >&5
configure:17310: $? = 0
configure:17310: result: yes
configure:17310: checking sys/mman.h presence
configure:17310: gcc -E  conftest.c
configure:17310: $? = 0
configure:17310: result: yes
configure:17310: checking for sys/mman.h
configure:17310: result: yes
configure:17310: checking sys/times.h usability
configure:17310: gcc -c -g -O2  conftest.c >&5
configure:17310: $? = 0
configure:17310: result: yes
configure:17310: checking sys/times.h presence
configure:17310: gcc -E  conftest.c
configure:17310: $? = 0
configure:17310: result: yes
configure:17310: checking for sys/times.h
configure:17310: result: yes
configure:17310: checking for sys/types.h
configure:17310: result: yes
configure:17310: checking dirent.h usability
configure:17310: gcc -c -g -O2  conftest.c >&5
configure:17310: $? = 0
configure:17310: result: yes
configure:17310: checking dirent.h presence
configure:17310: gcc -E  conftest.c
configure:17310: $? = 0
configure:17310: result: yes
configure:17310: checking for dirent.h
configure:17310: result: yes
configure:17310: checking ctype.h usability
configure:17310: gcc -c -g -O2  conftest.c >&5
configure:17310: $? = 0
configure:17310: result: yes
configure:17310: checking ctype.h presence
configure:17310: gcc -E  conftest.c
configure:17310: $? = 0
configure:17310: result: yes
configure:17310: checking for ctype.h
configure:17310: result: yes
configure:17310: checking for sys/types.h
configure:17310: result: yes
configure:17310: checking io.h usability
configure:17310: gcc -c -g -O2  conftest.c >&5
conftest.c:71:10: fatal error: io.h: No such file or directory
   71 | #include <io.h>
      |          ^~~~~~
compilation terminated.
configure:17310: $? = 1
configure: failed program was:
| /* confdefs.h */
| #define PACKAGE_NAME ""
| #define PACKAGE_TARNAME ""
| #define PACKAGE_VERSION ""
| #define PACKAGE_STRING ""
| #define PACKAGE_BUGREPORT ""
| #define PACKAGE_URL ""
| #define PACKAGE "mecab"
| #define VERSION "0.996"
| #define STDC_HEADERS 1
| #define HAVE_SYS_TYPES_H 1
| #define HAVE_SYS_STAT_H 1
| #define HAVE_STDLIB_H 1
| #define HAVE_STRING_H 1
| #define HAVE_MEMORY_H 1
| #define HAVE_STRINGS_H 1
| #define HAVE_INTTYPES_H 1
| #define HAVE_STDINT_H 1
| #define HAVE_UNISTD_H 1
| #define HAVE_DLFCN_H 1
| #define LT_OBJDIR ".libs/"
| #define HAVE_ICONV 1
| #define ICONV_CONST 
| #define STDC_HEADERS 1
| #define HAVE_STRING_H 1
| #define HAVE_STDLIB_H 1
| #define HAVE_UNISTD_H 1
| #define HAVE_FCNTL_H 1
| #define HAVE_STDINT_H 1
| #define HAVE_SYS_STAT_H 1
| #define HAVE_SYS_MMAN_H 1
| #define HAVE_SYS_TIMES_H 1
| #define HAVE_SYS_TYPES_H 1
| #define HAVE_DIRENT_H 1
| #define HAVE_CTYPE_H 1
| #define HAVE_SYS_TYPES_H 1
| /* end confdefs.h.  */
| #include <stdio.h>
| #ifdef HAVE_SYS_TYPES_H
| # include <sys/types.h>
| #endif
| #ifdef HAVE_SYS_STAT_H
| # include <sys/stat.h>
| #endif
| #ifdef STDC_HEADERS
| # include <stdlib.h>
| # include <stddef.h>
| #else
| # ifdef HAVE_STDLIB_H
| #  include <stdlib.h>
| # endif
| #endif
| #ifdef HAVE_STRING_H
| # if !defined STDC_HEADERS && defined HAVE_MEMORY_H
| #  include <memory.h>
| # endif
| # include <string.h>
| #endif
| #ifdef HAVE_STRINGS_H
| # include <strings.h>
| #endif
| #ifdef HAVE_INTTYPES_H
| # include <inttypes.h>
| #endif
| #ifdef HAVE_STDINT_H
| # include <stdint.h>
| #endif
| #ifdef HAVE_UNISTD_H
| # include <unistd.h>
| #endif
| #include <io.h>
configure:17310: result: no
configure:17310: checking io.h presence
configure:17310: gcc -E  conftest.c
conftest.c:38:10: fatal error: io.h: No such file or directory
   38 | #include <io.h>
      |          ^~~~~~
compilation terminated.
configure:17310: $? = 1
configure: failed program was:
| /* confdefs.h */
| #define PACKAGE_NAME ""
| #define PACKAGE_TARNAME ""
| #define PACKAGE_VERSION ""
| #define PACKAGE_STRING ""
| #define PACKAGE_BUGREPORT ""
| #define PACKAGE_URL ""
| #define PACKAGE "mecab"
| #define VERSION "0.996"
| #define STDC_HEADERS 1
| #define HAVE_SYS_TYPES_H 1
| #define HAVE_SYS_STAT_H 1
| #define HAVE_STDLIB_H 1
| #define HAVE_STRING_H 1
| #define HAVE_MEMORY_H 1
| #define HAVE_STRINGS_H 1
| #define HAVE_INTTYPES_H 1
| #define HAVE_STDINT_H 1
| #define HAVE_UNISTD_H 1
| #define HAVE_DLFCN_H 1
| #define LT_OBJDIR ".libs/"
| #define HAVE_ICONV 1
| #define ICONV_CONST 
| #define STDC_HEADERS 1
| #define HAVE_STRING_H 1
| #define HAVE_STDLIB_H 1
| #define HAVE_UNISTD_H 1
| #define HAVE_FCNTL_H 1
| #define HAVE_STDINT_H 1
| #define HAVE_SYS_STAT_H 1
| #define HAVE_SYS_MMAN_H 1
| #define HAVE_SYS_TIMES_H 1
| #define HAVE_SYS_TYPES_H 1
| #define HAVE_DIRENT_H 1
| #define HAVE_CTYPE_H 1
| #define HAVE_SYS_TYPES_H 1
| /* end confdefs.h.  */
| #include <io.h>
configure:17310: result: no
configure:17310: checking for io.h
configure:17310: result: no
configure:17310: checking windows.h usability
configure:17310: gcc -c -g -O2  conftest.c >&5
conftest.c:71:10: fatal error: windows.h: No such file or directory
   71 | #include <windows.h>
      |          ^~~~~~~~~~~
compilation terminated.
configure:17310: $? = 1
configure: failed program was:
| /* confdefs.h */
| #define PACKAGE_NAME ""
| #define PACKAGE_TARNAME ""
| #define PACKAGE_VERSION ""
| #define PACKAGE_STRING ""
| #define PACKAGE_BUGREPORT ""
| #define PACKAGE_URL ""
| #define PACKAGE "mecab"
| #define VERSION "0.996"
| #define STDC_HEADERS 1
| #define HAVE_SYS_TYPES_H 1
| #define HAVE_SYS_STAT_H 1
| #define HAVE_STDLIB_H 1
| #define HAVE_STRING_H 1
| #define HAVE_MEMORY_H 1
| #define HAVE_STRINGS_H 1
| #define HAVE_INTTYPES_H 1
| #define HAVE_STDINT_H 1
| #define HAVE_UNISTD_H 1
| #define HAVE_DLFCN_H 1
| #define LT_OBJDIR ".libs/"
| #define HAVE_ICONV 1
| #define ICONV_CONST 
| #define STDC_HEADERS 1
| #define HAVE_STRING_H 1
| #define HAVE_STDLIB_H 1
| #define HAVE_UNISTD_H 1
| #define HAVE_FCNTL_H 1
| #define HAVE_STDINT_H 1
| #define HAVE_SYS_STAT_H 1
| #define HAVE_SYS_MMAN_H 1
| #define HAVE_SYS_TIMES_H 1
| #define HAVE_SYS_TYPES_H 1
| #define HAVE_DIRENT_H 1
| #define HAVE_CTYPE_H 1
| #define HAVE_SYS_TYPES_H 1
| /* end confdefs.h.  */
| #include <stdio.h>
| #ifdef HAVE_SYS_TYPES_H
| # include <sys/types.h>
| #endif
| #ifdef HAVE_SYS_STAT_H
| # include <sys/stat.h>
| #endif
| #ifdef STDC_HEADERS
| # include <stdlib.h>
| # include <stddef.h>
| #else
| # ifdef HAVE_STDLIB_H
| #  include <stdlib.h>
| # endif
| #endif
| #ifdef HAVE_STRING_H
| # if !defined STDC_HEADERS && defined HAVE_MEMORY_H
| #  include <memory.h>
| # endif
| # include <string.h>
| #endif
| #ifdef HAVE_STRINGS_H
| # include <strings.h>
| #endif
| #ifdef HAVE_INTTYPES_H
| # include <inttypes.h>
| #endif
| #ifdef HAVE_STDINT_H
| # include <stdint.h>
| #endif
| #ifdef HAVE_UNISTD_H
| # include <unistd.h>
| #endif
| #include <windows.h>
configure:17310: result: no
configure:17310: checking windows.h presence
configure:17310: gcc -E  conftest.c
conftest.c:38:10: fatal error: windows.h: No such file or directory
   38 | #include <windows.h>
      |          ^~~~~~~~~~~
compilation terminated.
configure:17310: $? = 1
configure: failed program was:
| /* confdefs.h */
| #define PACKAGE_NAME ""
| #define PACKAGE_TARNAME ""
| #define PACKAGE_VERSION ""
| #define PACKAGE_STRING ""
| #define PACKAGE_BUGREPORT ""
| #define PACKAGE_URL ""
| #define PACKAGE "mecab"
| #define VERSION "0.996"
| #define STDC_HEADERS 1
| #define HAVE_SYS_TYPES_H 1
| #define HAVE_SYS_STAT_H 1
| #define HAVE_STDLIB_H 1
| #define HAVE_STRING_H 1
| #define HAVE_MEMORY_H 1
| #define HAVE_STRINGS_H 1
| #define HAVE_INTTYPES_H 1
| #define HAVE_STDINT_H 1
| #define HAVE_UNISTD_H 1
| #define HAVE_DLFCN_H 1
| #define LT_OBJDIR ".libs/"
| #define HAVE_ICONV 1
| #define ICONV_CONST 
| #define STDC_HEADERS 1
| #define HAVE_STRING_H 1
| #define HAVE_STDLIB_H 1
| #define HAVE_UNISTD_H 1
| #define HAVE_FCNTL_H 1
| #define HAVE_STDINT_H 1
| #define HAVE_SYS_STAT_H 1
| #define HAVE_SYS_MMAN_H 1
| #define HAVE_SYS_TIMES_H 1
| #define HAVE_SYS_TYPES_H 1
| #define HAVE_DIRENT_H 1
| #define HAVE_CTYPE_H 1
| #define HAVE_SYS_TYPES_H 1
| /* end confdefs.h.  */
| #include <windows.h>
configure:17310: result: no
configure:17310: checking for windows.h
configure:17310: result: no
configure:17310: checking pthread.h usability
configure:17310: gcc -c -g -O2  conftest.c >&5
configure:17310: $? = 0
configure:17310: result: yes
configure:17310: checking pthread.h presence
configure:17310: gcc -E  conftest.c
configure:17310: $? = 0
configure:17310: result: yes
configure:17310: checking for pthread.h
configure:17310: result: yes
configure:17320: checking for off_t
configure:17320: gcc -c -g -O2  conftest.c >&5
configure:17320: $? = 0
configure:17320: gcc -c -g -O2  conftest.c >&5
conftest.c: In function 'main':
conftest.c:75:20: error: expected expression before ')' token
   75 | if (sizeof ((off_t)))
      |                    ^
configure:17320: $? = 1
configure: failed program was:
| /* confdefs.h */
| #define PACKAGE_NAME ""
| #define PACKAGE_TARNAME ""
| #define PACKAGE_VERSION ""
| #define PACKAGE_STRING ""
| #define PACKAGE_BUGREPORT ""
| #define PACKAGE_URL ""
| #define PACKAGE "mecab"
| #define VERSION "0.996"
| #define STDC_HEADERS 1
| #define HAVE_SYS_TYPES_H 1
| #define HAVE_SYS_STAT_H 1
| #define HAVE_STDLIB_H 1
| #define HAVE_STRING_H 1
| #define HAVE_MEMORY_H 1
| #define HAVE_STRINGS_H 1
| #define HAVE_INTTYPES_H 1
| #define HAVE_STDINT_H 1
| #define HAVE_UNISTD_H 1
| #define HAVE_DLFCN_H 1
| #define LT_OBJDIR ".libs/"
| #define HAVE_ICONV 1
| #define ICONV_CONST 
| #define STDC_HEADERS 1
| #define HAVE_STRING_H 1
| #define HAVE_STDLIB_H 1
| #define HAVE_UNISTD_H 1
| #define HAVE_FCNTL_H 1
| #define HAVE_STDINT_H 1
| #define HAVE_SYS_STAT_H 1
| #define HAVE_SYS_MMAN_H 1
| #define HAVE_SYS_TIMES_H 1
| #define HAVE_SYS_TYPES_H 1
| #define HAVE_DIRENT_H 1
| #define HAVE_CTYPE_H 1
| #define HAVE_SYS_TYPES_H 1
| #define HAVE_PTHREAD_H 1
| /* end confdefs.h.  */
| #include <stdio.h>
| #ifdef HAVE_SYS_TYPES_H
| # include <sys/types.h>
| #endif
| #ifdef HAVE_SYS_STAT_H
| # include <sys/stat.h>
| #endif
| #ifdef STDC_HEADERS
| # include <stdlib.h>
| # include <stddef.h>
| #else
| # ifdef HAVE_STDLIB_H
| #  include <stdlib.h>
| # endif
| #endif
| #ifdef HAVE_STRING_H
| # if !defined STDC_HEADERS && defined HAVE_MEMORY_H
| #  include <memory.h>
| # endif
| # include <string.h>
| #endif
| #ifdef HAVE_STRINGS_H
| # include <strings.h>
| #endif
| #ifdef HAVE_INTTYPES_H
| # include <inttypes.h>
| #endif
| #ifdef HAVE_STDINT_H
| # include <stdint.h>
| #endif
| #ifdef HAVE_UNISTD_H
| # include <unistd.h>
| #endif
| int
| main ()
| {
| if (sizeof ((off_t)))
| 	    return 0;
|   ;
|   return 0;
| }
configure:17320: result: yes
configure:17331: checking for size_t
configure:17331: gcc -c -g -O2  conftest.c >&5
configure:17331: $? = 0
configure:17331: gcc -c -g -O2  conftest.c >&5
conftest.c: In function 'main':
conftest.c:75:21: error: expected expression before ')' token
   75 | if (sizeof ((size_t)))
      |                     ^
configure:17331: $? = 1
configure: failed program was:
| /* confdefs.h */
| #define PACKAGE_NAME ""
| #define PACKAGE_TARNAME ""
| #define PACKAGE_VERSION ""
| #define PACKAGE_STRING ""
| #define PACKAGE_BUGREPORT ""
| #define PACKAGE_URL ""
| #define PACKAGE "mecab"
| #define VERSION "0.996"
| #define STDC_HEADERS 1
| #define HAVE_SYS_TYPES_H 1
| #define HAVE_SYS_STAT_H 1
| #define HAVE_STDLIB_H 1
| #define HAVE_STRING_H 1
| #define HAVE_MEMORY_H 1
| #define HAVE_STRINGS_H 1
| #define HAVE_INTTYPES_H 1
| #define HAVE_STDINT_H 1
| #define HAVE_UNISTD_H 1
| #define HAVE_DLFCN_H 1
| #define LT_OBJDIR ".libs/"
| #define HAVE_ICONV 1
| #define ICONV_CONST 
| #define STDC_HEADERS 1
| #define HAVE_STRING_H 1
| #define HAVE_STDLIB_H 1
| #define HAVE_UNISTD_H 1
| #define HAVE_FCNTL_H 1
| #define HAVE_STDINT_H 1
| #define HAVE_SYS_STAT_H 1
| #define HAVE_SYS_MMAN_H 1
| #define HAVE_SYS_TIMES_H 1
| #define HAVE_SYS_TYPES_H 1
| #define HAVE_DIRENT_H 1
| #define HAVE_CTYPE_H 1
| #define HAVE_SYS_TYPES_H 1
| #define HAVE_PTHREAD_H 1
| /* end confdefs.h.  */
| #include <stdio.h>
| #ifdef HAVE_SYS_TYPES_H
| # include <sys/types.h>
| #endif
| #ifdef HAVE_SYS_STAT_H
| # include <sys/stat.h>
| #endif
| #ifdef STDC_HEADERS
| # include <stdlib.h>
| # include <stddef.h>
| #else
| # ifdef HAVE_STDLIB_H
| #  include <stdlib.h>
| # endif
| #endif
| #ifdef HAVE_STRING_H
| # if !defined STDC_HEADERS && defined HAVE_MEMORY_H
| #  include <memory.h>
| # endif
| # include <string.h>
| #endif
| #ifdef HAVE_STRINGS_H
| # include <strings.h>
| #endif
| #ifdef HAVE_INTTYPES_H
| # include <inttypes.h>
| #endif
| #ifdef HAVE_STDINT_H
| # include <stdint.h>
| #endif
| #ifdef HAVE_UNISTD_H
| # include <unistd.h>
| #endif
| int
| main ()
| {
| if (sizeof ((size_t)))
| 	    return 0;
|   ;
|   return 0;
| }
configure:17331: result: yes
configure:17346: checking size of char
configure:17351: gcc -o conftest -g -O2   conftest.c  >&5
configure:17351: $? = 0
configure:17351: ./conftest
configure:17351: $? = 0
configure:17365: result: 1
configure:17379: checking size of short
configure:17384: gcc -o conftest -g -O2   conftest.c  >&5
configure:17384: $? = 0
configure:17384: ./conftest
configure:17384: $? = 0
configure:17398: result: 2
configure:17412: checking size of int
configure:17417: gcc -o conftest -g -O2   conftest.c  >&5
configure:17417: $? = 0
configure:17417: ./conftest
configure:17417: $? = 0
configure:17431: result: 4
configure:17445: checking size of long
configure:17450: gcc -o conftest -g -O2   conftest.c  >&5
configure:17450: $? = 0
configure:17450: ./conftest
configure:17450: $? = 0
configure:17464: result: 8
configure:17478: checking size of long long
configure:17483: gcc -o conftest -g -O2   conftest.c  >&5
configure:17483: $? = 0
configure:17483: ./conftest
configure:17483: $? = 0
configure:17497: result: 8
configure:17511: checking size of size_t
configure:17516: gcc -o conftest -g -O2   conftest.c  >&5
configure:17516: $? = 0
configure:17516: ./conftest
configure:17516: $? = 0
configure:17530: result: 8
configure:17540: checking for size_t
configure:17540: result: yes
configure:17552: checking for unsigned long long int
configure:17589: gcc -o conftest -g -O2   conftest.c  >&5
configure:17589: $? = 0
configure:17597: result: yes
configure:17612: checking for stdlib.h
configure:17612: result: yes
configure:17612: checking for unistd.h
configure:17612: result: yes
configure:17612: checking for sys/param.h
configure:17612: gcc -c -g -O2  conftest.c >&5
configure:17612: $? = 0
configure:17612: result: yes
configure:17632: checking for getpagesize
configure:17632: gcc -o conftest -g -O2   conftest.c  >&5
configure:17632: $? = 0
configure:17632: result: yes
configure:17641: checking for working mmap
configure:17788: gcc -o conftest -g -O2   conftest.c  >&5
configure:17788: $? = 0
configure:17788: ./conftest
configure:17788: $? = 0
configure:17798: result: yes
configure:17807: checking for main in -lstdc++
configure:17826: gcc -o conftest -g -O2   conftest.c -lstdc++   >&5
configure:17826: $? = 0
configure:17835: result: yes
configure:17841: checking for pthread_create in -lpthread
configure:17866: gcc -o conftest -g -O2   conftest.c -lpthread   >&5
configure:17866: $? = 0
configure:17875: result: yes
configure:17886: checking for pthread_join in -lpthread
configure:17911: gcc -o conftest -g -O2   conftest.c -lpthread  -lpthread  >&5
configure:17911: $? = 0
configure:17920: result: yes
configure:17933: checking for getenv
configure:17933: gcc -o conftest -g -O2   conftest.c -lpthread -lpthread  >&5
configure:17933: $? = 0
configure:17933: result: yes
configure:17944: checking for opendir
configure:17944: gcc -o conftest -g -O2   conftest.c -lpthread -lpthread  >&5
configure:17944: $? = 0
configure:17944: result: yes
configure:17978: checking whether make is GNU Make
configure:17981: result: yes
configure:18011: checking if g++ supports stl <vector> (required)
configure:18028: g++ -c -O3 -Wall   conftest.cpp >&5
configure:18028: $? = 0
configure:18040: result: yes
configure:18044: checking if g++ supports stl <list> (required)
configure:18061: g++ -c -O3 -Wall   conftest.cpp >&5
configure:18061: $? = 0
configure:18073: result: yes
configure:18077: checking if g++ supports stl <map> (required)
configure:18094: g++ -c -O3 -Wall   conftest.cpp >&5
configure:18094: $? = 0
configure:18106: result: yes
configure:18110: checking if g++ supports stl <set> (required)
configure:18127: g++ -c -O3 -Wall   conftest.cpp >&5
configure:18127: $? = 0
configure:18139: result: yes
configure:18143: checking if g++ supports stl <queue> (required)
configure:18160: g++ -c -O3 -Wall   conftest.cpp >&5
configure:18160: $? = 0
configure:18172: result: yes
configure:18176: checking if g++ supports stl <functional> (required)
configure:18193: g++ -c -O3 -Wall   conftest.cpp >&5
configure:18193: $? = 0
configure:18205: result: yes
configure:18209: checking if g++ supports stl <algorithm> (required)
configure:18226: g++ -c -O3 -Wall   conftest.cpp >&5
configure:18226: $? = 0
configure:18238: result: yes
configure:18242: checking if g++ supports stl <string> (required)
configure:18259: g++ -c -O3 -Wall   conftest.cpp >&5
configure:18259: $? = 0
configure:18271: result: yes
configure:18275: checking if g++ supports stl <iostream> (required)
configure:18292: g++ -c -O3 -Wall   conftest.cpp >&5
configure:18292: $? = 0
configure:18304: result: yes
configure:18308: checking if g++ supports stl <sstream> (required)
configure:18325: g++ -c -O3 -Wall   conftest.cpp >&5
configure:18325: $? = 0
configure:18337: result: yes
configure:18341: checking if g++ supports stl <fstream> (required)
configure:18358: g++ -c -O3 -Wall   conftest.cpp >&5
configure:18358: $? = 0
configure:18370: result: yes
configure:18375: checking if g++ supports template <class T> (required)
configure:18394: g++ -c -O3 -Wall   conftest.cpp >&5
configure:18394: $? = 0
configure:18406: result: yes
configure:18410: checking if g++ supports const_cast<> (required)
configure:18428: g++ -c -O3 -Wall   conftest.cpp >&5
conftest.cpp: In function 'int main()':
conftest.cpp:63:9: warning: unused variable 'c1' [-Wunused-variable]
   63 |    foo *c1=const_cast<foo*>(c);
      |         ^~
configure:18428: $? = 0
configure:18440: result: yes
configure:18444: checking if g++ supports static_cast<> (required)
configure:18462: g++ -c -O3 -Wall   conftest.cpp >&5
conftest.cpp: In function 'int main()':
conftest.cpp:63:10: warning: unused variable 'c1' [-Wunused-variable]
   63 |    void *c1 = static_cast<void *>(c);
      |          ^~
configure:18462: $? = 0
configure:18474: result: yes
configure:18478: checking if g++ supports reinterpret_cast<> (required)
configure:18495: g++ -c -O3 -Wall   conftest.cpp >&5
conftest.cpp: In function 'int main()':
conftest.cpp:62:10: warning: unused variable 'p' [-Wunused-variable]
   62 |    char *p = reinterpret_cast<char *>(a);
      |          ^
configure:18495: $? = 0
configure:18507: result: yes
configure:18511: checking if g++ supports namespaces (required) 
configure:18529: g++ -c -O3 -Wall   conftest.cpp >&5
conftest.cpp: In function 'int main()':
conftest.cpp:63:3: warning: unused variable 'a' [-Wunused-variable]
   63 | A a;
      |   ^
configure:18529: $? = 0
configure:18540: result: yes
configure:18543: checking if g++ supports __thread (optional)
configure:18560: g++ -c -O3 -Wall   conftest.cpp >&5
configure:18560: $? = 0
configure:18570: result: yes
configure:18583: checking if g++ supports template <class T> (required)
configure:18602: g++ -c -O3 -Wall   conftest.cpp >&5
configure:18602: $? = 0
configure:18614: result: yes
configure:18617: checking if g++ supports GCC native atomic operations (optional)
configure:18637: g++ -c -O3 -Wall   conftest.cpp >&5
configure:18637: $? = 0
configure:18647: result: yes
configure:18654: checking if g++ supports OSX native atomic operations (optional)
configure:18673: g++ -c -O3 -Wall   conftest.cpp >&5
conftest.cpp:58:10: fatal error: libkern/OSAtomic.h: No such file or directory
   58 | #include <libkern/OSAtomic.h>
      |          ^~~~~~~~~~~~~~~~~~~~
compilation terminated.
configure:18673: $? = 1
configure: failed program was:
| /* confdefs.h */
| #define PACKAGE_NAME ""
| #define PACKAGE_TARNAME ""
| #define PACKAGE_VERSION ""
| #define PACKAGE_STRING ""
| #define PACKAGE_BUGREPORT ""
| #define PACKAGE_URL ""
| #define PACKAGE "mecab"
| #define VERSION "0.996"
| #define STDC_HEADERS 1
| #define HAVE_SYS_TYPES_H 1
| #define HAVE_SYS_STAT_H 1
| #define HAVE_STDLIB_H 1
| #define HAVE_STRING_H 1
| #define HAVE_MEMORY_H 1
| #define HAVE_STRINGS_H 1
| #define HAVE_INTTYPES_H 1
| #define HAVE_STDINT_H 1
| #define HAVE_UNISTD_H 1
| #define HAVE_DLFCN_H 1
| #define LT_OBJDIR ".libs/"
| #define HAVE_ICONV 1
| #define ICONV_CONST 
| #define STDC_HEADERS 1
| #define HAVE_STRING_H 1
| #define HAVE_STDLIB_H 1
| #define HAVE_UNISTD_H 1
| #define HAVE_FCNTL_H 1
| #define HAVE_STDINT_H 1
| #define HAVE_SYS_STAT_H 1
| #define HAVE_SYS_MMAN_H 1
| #define HAVE_SYS_TIMES_H 1
| #define HAVE_SYS_TYPES_H 1
| #define HAVE_DIRENT_H 1
| #define HAVE_CTYPE_H 1
| #define HAVE_SYS_TYPES_H 1
| #define HAVE_PTHREAD_H 1
| #define SIZEOF_CHAR 1
| #define SIZEOF_SHORT 2
| #define SIZEOF_INT 4
| #define SIZEOF_LONG 8
| #define SIZEOF_LONG_LONG 8
| #define SIZEOF_SIZE_T 8
| #define HAVE_UNSIGNED_LONG_LONG_INT 1
| #define HAVE_STDLIB_H 1
| #define HAVE_UNISTD_H 1
| #define HAVE_SYS_PARAM_H 1
| #define HAVE_GETPAGESIZE 1
| #define HAVE_MMAP 1
| #define HAVE_LIBPTHREAD 1
| #define HAVE_LIBPTHREAD 1
| #define HAVE_GETENV 1
| #define HAVE_OPENDIR 1
| #define HAVE_TLS_KEYWORD 1
| #define HAVE_GCC_ATOMIC_OPS 1
| /* end confdefs.h.  */
| 
| #include <libkern/OSAtomic.h>
| 
| int
| main ()
| {
| 
|   int a = 10;
|   OSAtomicAdd32(10, &a);
|   OSAtomicCompareAndSwapInt(10, 0, &a);
| 
|   ;
|   return 0;
| }
configure:18683: result: no
configure:18690: checking if g++ environment provides all required features
configure:18698: result: yes
configure:18850: creating ./config.status

## ---------------------- ##
## Running config.status. ##
## ---------------------- ##

This file was extended by config.status, which was
generated by GNU Autoconf 2.68.  Invocation command line was

  CONFIG_FILES    = 
  CONFIG_HEADERS  = 
  CONFIG_LINKS    = 
  CONFIG_COMMANDS = 
  $ ./config.status 

on 26eb5b70dae2

config.status:1206: creating Makefile
config.status:1206: creating src/Makefile
config.status:1206: creating src/Makefile.msvc
config.status:1206: creating man/Makefile
config.status:1206: creating doc/Makefile
config.status:1206: creating tests/Makefile
config.status:1206: creating swig/version.h
config.status:1206: creating mecab.iss
config.status:1206: creating mecab-config
config.status:1206: creating mecabrc
config.status:1206: creating config.h
config.status:1387: config.h is unchanged
config.status:1435: executing depfiles commands
config.status:1435: executing libtool commands
config.status:1435: executing default commands

## ---------------- ##
## Cache variables. ##
## ---------------- ##

ac_cv_build=x86_64-unknown-linux-gnu
ac_cv_c_bigendian=no
ac_cv_c_compiler_gnu=yes
ac_cv_c_const=yes
ac_cv_cxx_compiler_gnu=yes
ac_cv_env_CCC_set=
ac_cv_env_CCC_value=
ac_cv_env_CC_set=
ac_cv_env_CC_value=
ac_cv_env_CFLAGS_set=
ac_cv_env_CFLAGS_value=
ac_cv_env_CPPFLAGS_set=
ac_cv_env_CPPFLAGS_value=
ac_cv_env_CPP_set=
ac_cv_env_CPP_value=
ac_cv_env_CXXCPP_set=
ac_cv_env_CXXCPP_value=
ac_cv_env_CXXFLAGS_set=
ac_cv_env_CXXFLAGS_value=
ac_cv_env_CXX_set=
ac_cv_env_CXX_value=
ac_cv_env_LDFLAGS_set=
ac_cv_env_LDFLAGS_value=
ac_cv_env_LIBS_set=
ac_cv_env_LIBS_value=
ac_cv_env_build_alias_set=
ac_cv_env_build_alias_value=
ac_cv_env_host_alias_set=
ac_cv_env_host_alias_value=
ac_cv_env_target_alias_set=
ac_cv_env_target_alias_value=
ac_cv_func_getenv=yes
ac_cv_func_getpagesize=yes
ac_cv_func_mmap_fixed_mapped=yes
ac_cv_func_opendir=yes
ac_cv_header_ctype_h=yes
ac_cv_header_dirent_h=yes
ac_cv_header_dlfcn_h=yes
ac_cv_header_fcntl_h=yes
ac_cv_header_inttypes_h=yes
ac_cv_header_io_h=no
ac_cv_header_memory_h=yes
ac_cv_header_pthread_h=yes
ac_cv_header_stdc=yes
ac_cv_header_stdint_h=yes
ac_cv_header_stdlib_h=yes
ac_cv_header_string_h=yes
ac_cv_header_strings_h=yes
ac_cv_header_sys_mman_h=yes
ac_cv_header_sys_param_h=yes
ac_cv_header_sys_stat_h=yes
ac_cv_header_sys_times_h=yes
ac_cv_header_sys_types_h=yes
ac_cv_header_unistd_h=yes
ac_cv_header_windows_h=no
ac_cv_host=x86_64-unknown-linux-gnu
ac_cv_lib_pthread_pthread_create=yes
ac_cv_lib_pthread_pthread_join=yes
ac_cv_lib_stdcpp_main=yes
ac_cv_objext=o
ac_cv_path_EGREP='/usr/bin/grep -E'
ac_cv_path_FGREP='/usr/bin/grep -F'
ac_cv_path_GREP=/usr/bin/grep
ac_cv_path_SED=/usr/bin/sed
ac_cv_path_install='/usr/bin/install -c'
ac_cv_path_mkdir=/usr/bin/mkdir
ac_cv_prog_AWK=mawk
ac_cv_prog_CPP='gcc -E'
ac_cv_prog_CXXCPP='g++ -E'
ac_cv_prog_ac_ct_AR=ar
ac_cv_prog_ac_ct_CC=gcc
ac_cv_prog_ac_ct_CXX=g++
ac_cv_prog_ac_ct_DLLTOOL=dlltool
ac_cv_prog_ac_ct_OBJDUMP=objdump
ac_cv_prog_ac_ct_RANLIB=ranlib
ac_cv_prog_ac_ct_STRIP=strip
ac_cv_prog_cc_c89=
ac_cv_prog_cc_g=yes
ac_cv_prog_cxx_g=yes
ac_cv_prog_gcc_traditional=no
ac_cv_prog_make_make_set=yes
ac_cv_search_strerror='none required'
ac_cv_sizeof_char=1
ac_cv_sizeof_int=4
ac_cv_sizeof_long=8
ac_cv_sizeof_long_long=8
ac_cv_sizeof_short=2
ac_cv_sizeof_size_t=8
ac_cv_type_off_t=yes
ac_cv_type_size_t=yes
ac_cv_type_unsigned_long_long_int=yes
acl_cv_hardcode_direct=no
acl_cv_hardcode_libdir_flag_spec='${wl}-rpath ${wl}$libdir'
acl_cv_hardcode_libdir_separator=
acl_cv_hardcode_minus_L=no
acl_cv_libext=a
acl_cv_libname_spec='lib$name'
acl_cv_library_names_spec='$libname$shrext'
acl_cv_path_LD='/usr/bin/ld -m elf_x86_64'
acl_cv_prog_gnu_ld=yes
acl_cv_rpath=done
acl_cv_shlibext=so
acl_cv_wl=-Wl,
am_cv_CC_dependencies_compiler_type=none
am_cv_CXX_dependencies_compiler_type=none
am_cv_func_iconv=yes
am_cv_func_iconv_works=yes
am_cv_lib_iconv=no
am_cv_proto_iconv='extern size_t iconv (iconv_t cd, char * *inbuf, size_t *inbytesleft, char * *outbuf, size_t *outbytesleft);'
am_cv_proto_iconv_arg1=
lt_cv_ar_at_file=@
lt_cv_archive_cmds_need_lc=no
lt_cv_deplibs_check_method=pass_all
lt_cv_file_magic_cmd='$MAGIC_CMD'
lt_cv_file_magic_test_file=
lt_cv_ld_reload_flag=-r
lt_cv_nm_interface='BSD nm'
lt_cv_objdir=.libs
lt_cv_path_LD=/usr/bin/ld
lt_cv_path_LDCXX='/usr/bin/ld -m elf_x86_64'
lt_cv_path_NM='/usr/bin/nm -B'
lt_cv_path_mainfest_tool=no
lt_cv_prog_compiler_c_o=yes
lt_cv_prog_compiler_c_o_CXX=yes
lt_cv_prog_compiler_pic='-fPIC -DPIC'
lt_cv_prog_compiler_pic_CXX='-fPIC -DPIC'
lt_cv_prog_compiler_pic_works=yes
lt_cv_prog_compiler_pic_works_CXX=yes
lt_cv_prog_compiler_rtti_exceptions=no
lt_cv_prog_compiler_static_works=yes
lt_cv_prog_compiler_static_works_CXX=yes
lt_cv_prog_gnu_ld=yes
lt_cv_prog_gnu_ldcxx=yes
lt_cv_sharedlib_from_linklib_cmd='printf %s\n'
lt_cv_shlibpath_overrides_runpath=yes
lt_cv_sys_global_symbol_pipe='sed -n -e '\''s/^.*[	 ]\([ABCDGIRSTW][ABCDGIRSTW]*\)[	 ][	 ]*\([_A-Za-z][_A-Za-z0-9]*\)$/\1 \2 \2/p'\'' | sed '\''/ __gnu_lto/d'\'''
lt_cv_sys_global_symbol_to_c_name_address='sed -n -e '\''s/^: \([^ ]*\)[ ]*$/  {\"\1\", (void *) 0},/p'\'' -e '\''s/^[ABCDGIRSTW]* \([^ ]*\) \([^ ]*\)$/  {"\2", (void *) \&\2},/p'\'''
lt_cv_sys_global_symbol_to_c_name_address_lib_prefix='sed -n -e '\''s/^: \([^ ]*\)[ ]*$/  {\"\1\", (void *) 0},/p'\'' -e '\''s/^[ABCDGIRSTW]* \([^ ]*\) \(lib[^ ]*\)$/  {"\2", (void *) \&\2},/p'\'' -e '\''s/^[ABCDGIRSTW]* \([^ ]*\) \([^ ]*\)$/  {"lib\2", (void *) \&\2},/p'\'''
lt_cv_sys_global_symbol_to_cdecl='sed -n -e '\''s/^T .* \(.*\)$/extern int \1();/p'\'' -e '\''s/^[ABCDGIRSTW]* .* \(.*\)$/extern char \1;/p'\'''
lt_cv_sys_max_cmd_len=1572864
lt_cv_to_host_file_cmd=func_convert_file_noop
lt_cv_to_tool_file_cmd=func_convert_file_noop

## ----------------- ##
## Output variables. ##
## ----------------- ##

ACLOCAL='${SHELL} /Guitar/IncrementalSearch/mecab/mecab/missing --run aclocal-1.11'
AMDEPBACKSLASH='\'
AMDEP_FALSE='#'
AMDEP_TRUE=''
AMTAR='$${TAR-tar}'
AR='ar'
AS='as'
AUTOCONF='${SHELL} /Guitar/IncrementalSearch/mecab/mecab/missing --run autoconf'
AUTOHEADER='${SHELL} /Guitar/IncrementalSearch/mecab/mecab/missing --run autoheader'
AUTOMAKE='${SHELL} /Guitar/IncrementalSearch/mecab/mecab/missing --run automake-1.11'
AWK='mawk'
CC='gcc'
CCDEPMODE='depmode=none'
CFLAGS='-O3 -Wall '
CHARSET='euc'
CPP='gcc -E'
CPPFLAGS=''
CXX='g++'
CXXCPP='g++ -E'
CXXDEPMODE='depmode=none'
CXXFLAGS='-O3 -Wall '
CYGPATH_W='echo'
DEFS='-DHAVE_CONFIG_H'
DEPDIR='.deps'
DIC_VERSION='102'
DLLTOOL='dlltool'
DSYMUTIL=''
DUMPBIN=''
ECHO_C=''
ECHO_N='-n'
ECHO_T=''
EGREP='/usr/bin/grep -E'
EXEEXT=''
FGREP='/usr/bin/grep -F'
GREP='/usr/bin/grep'
INSTALL_DATA='${INSTALL} -m 644'
INSTALL_PROGRAM='${INSTALL}'
INSTALL_SCRIPT='${INSTALL}'
INSTALL_STRIP_PROGRAM='$(install_sh) -c -s'
LD='/usr/bin/ld -m elf_x86_64'
LDFLAGS=''
LIBICONV=''
LIBOBJS=''
LIBS='-lpthread -lpthread  -lstdc++ '
LIBTOOL='$(SHELL) $(top_builddir)/libtool'
LIPO=''
LN_S='ln -s'
LTLIBICONV=''
LTLIBOBJS=''
LTVERSION='2:0:0'
MAKEINFO='${SHELL} /Guitar/IncrementalSearch/mecab/mecab/missing --run makeinfo'
MANIFEST_TOOL=':'
MECAB_DEFAULT_RC='${prefix}/etc/mecabrc'
MECAB_LIBEXEC_DIR='${exec_prefix}/libexec/mecab'
MECAB_LIBS='-lstdc++'
MECAB_USE_UTF8_ONLY=''
MKDIR_P='/usr/bin/mkdir -p'
NM='/usr/bin/nm -B'
NMEDIT=''
OBJDUMP='objdump'
OBJEXT='o'
OTOOL64=''
OTOOL=''
PACKAGE='mecab'
PACKAGE_BUGREPORT=''
PACKAGE_NAME=''
PACKAGE_STRING=''
PACKAGE_TARNAME=''
PACKAGE_URL=''
PACKAGE_VERSION=''
PATH_SEPARATOR=':'
RANLIB='ranlib'
SED='/usr/bin/sed'
SET_MAKE=''
SHELL='/bin/bash'
STRIP='strip'
VERSION='0.996'
ac_ct_AR='ar'
ac_ct_CC='gcc'
ac_ct_CXX='g++'
ac_ct_DUMPBIN=''
am__EXEEXT_FALSE=''
am__EXEEXT_TRUE='#'
am__fastdepCC_FALSE=''
am__fastdepCC_TRUE='#'
am__fastdepCXX_FALSE=''
am__fastdepCXX_TRUE='#'
am__include='include'
am__isrc=''
am__leading_dot='.'
am__nodep='_no'
am__quote=''
am__tar='$${TAR-tar} chof - "$$tardir"'
am__untar='$${TAR-tar} xf -'
bindir='${exec_prefix}/bin'
build='x86_64-unknown-linux-gnu'
build_alias=''
build_cpu='x86_64'
build_os='linux-gnu'
build_vendor='unknown'
datadir='${datarootdir}'
datarootdir='${prefix}/share'
docdir='${datarootdir}/doc/${PACKAGE}'
dvidir='${docdir}'
exec_prefix='${prefix}'
host='x86_64-unknown-linux-gnu'
host_alias=''
host_cpu='x86_64'
host_os='linux-gnu'
host_vendor='unknown'
htmldir='${docdir}'
includedir='${prefix}/include'
infodir='${datarootdir}/info'
install_sh='${SHELL} /Guitar/IncrementalSearch/mecab/mecab/install-sh'
libdir='${exec_prefix}/lib'
libexecdir='${exec_prefix}/libexec'
localedir='${datarootdir}/locale'
localstatedir='${prefix}/var'
mandir='${datarootdir}/man'
mkdir_p='/usr/bin/mkdir -p'
oldincludedir='/usr/include'
pdfdir='${docdir}'
prefix='/usr/local'
program_transform_name='s,x,x,'
psdir='${docdir}'
sbindir='${exec_prefix}/sbin'
sharedstatedir='${prefix}/com'
sysconfdir='${prefix}/etc'
target_alias=''

## ----------- ##
## confdefs.h. ##
## ----------- ##

/* confdefs.h */
#define PACKAGE_NAME ""
#define PACKAGE_TARNAME ""
#define PACKAGE_VERSION ""
#define PACKAGE_STRING ""
#define PACKAGE_BUGREPORT ""
#define PACKAGE_URL ""
#define PACKAGE "mecab"
#define VERSION "0.996"
#define STDC_HEADERS 1
#define HAVE_SYS_TYPES_H 1
#define HAVE_SYS_STAT_H 1
#define HAVE_STDLIB_H 1
#define HAVE_STRING_H 1
#define HAVE_MEMORY_H 1
#define HAVE_STRINGS_H 1
#define HAVE_INTTYPES_H 1
#define HAVE_STDINT_H 1
#define HAVE_UNISTD_H 1
#define HAVE_DLFCN_H 1
#define LT_OBJDIR ".libs/"
#define HAVE_ICONV 1
#define ICONV_CONST 
#define STDC_HEADERS 1
#define HAVE_STRING_H 1
#define HAVE_STDLIB_H 1
#define HAVE_UNISTD_H 1
#define HAVE_FCNTL_H 1
#define HAVE_STDINT_H 1
#define HAVE_SYS_STAT_H 1
#define HAVE_SYS_MMAN_H 1
#define HAVE_SYS_TIMES_H 1
#define HAVE_SYS_TYPES_H 1
#define HAVE_DIRENT_H 1
#define HAVE_CTYPE_H 1
#define HAVE_SYS_TYPES_H 1
#define HAVE_PTHREAD_H 1
#define SIZEOF_CHAR 1
#define SIZEOF_SHORT 2
#define SIZEOF_INT 4
#define SIZEOF_LONG 8
#define SIZEOF_LONG_LONG 8
#define SIZEOF_SIZE_T 8
#define HAVE_UNSIGNED_LONG_LONG_INT 1
#define HAVE_STDLIB_H 1
#define HAVE_UNISTD_H 1
#define HAVE_SYS_PARAM_H 1
#define HAVE_GETPAGESIZE 1
#define HAVE_MMAP 1
#define HAVE_LIBPTHREAD 1
#define HAVE_LIBPTHREAD 1
#define HAVE_GETENV 1
#define HAVE_OPENDIR 1
#define HAVE_TLS_KEYWORD 1
#define HAVE_GCC_ATOMIC_OPS 1

configure: exit 0
