This file contains any messages produced by compilers while
running configure, to aid debugging if configure makes a mistake.

It was created by configure, which was
generated by GNU Autoconf 2.60.  Invocation command line was

  $ ./configure --with-charset=utf8 --enable-utf8-only

## --------- ##
## Platform. ##
## --------- ##

hostname = 26eb5b70dae2
uname -m = x86_64
uname -r = 6.19.11-arch1-1
uname -s = Linux
uname -v = #1 SMP PREEMPT_DYNAMIC Thu, 02 Apr 2026 23:33:01 +0000

/usr/bin/uname -p = x86_64
/bin/uname -X     = unknown

/bin/arch              = x86_64
/usr/bin/arch -k       = unknown
/usr/convex/getsysinfo = unknown
/usr/bin/hostinfo      = unknown
/bin/machine           = unknown
/usr/bin/oslevel       = unknown
/bin/universe          = unknown

PATH: /usr/local/sbin
PATH: /usr/local/bin
PATH: /usr/sbin
PATH: /usr/bin
PATH: /sbin
PATH: /bin
PATH: /usr/games
PATH: /usr/local/games
PATH: /snap/bin


## ----------- ##
## Core tests. ##
## ----------- ##

configure:1668: checking for a BSD-compatible install
configure:1724: result: /usr/bin/install -c
configure:1735: checking whether build environment is sane
configure:1778: result: yes
configure:1793: checking whether make sets $(MAKE)
configure:1814: result: yes
configure:1846: checking for working aclocal-1.4
configure:1857: result: missing
configure:1861: checking for working autoconf
configure:1868: result: found
configure:1876: checking for working automake-1.4
configure:1887: result: missing
configure:1891: checking for working autoheader
configure:1898: result: found
configure:1906: checking for working makeinfo
configure:1917: result: missing
configure:1935: checking for a BSD-compatible install
configure:1991: result: /usr/bin/install -c
configure:2027: checking for mecab-config
configure:2060: result: no
configure:2075: error: mecab-config is not found in your system

## ---------------- ##
## Cache variables. ##
## ---------------- ##

ac_cv_env_build_alias_set=
ac_cv_env_build_alias_value=
ac_cv_env_host_alias_set=
ac_cv_env_host_alias_value=
ac_cv_env_target_alias_set=
ac_cv_env_target_alias_value=
ac_cv_path_install='/usr/bin/install -c'
ac_cv_prog_make_make_set=yes

## ----------------- ##
## Output variables. ##
## ----------------- ##

ACLOCAL='/Guitar/IncrementalSearch/mecab/mecab-ipadic/missing aclocal-1.4'
AUTOCONF='autoconf'
AUTOHEADER='autoheader'
AUTOMAKE='/Guitar/IncrementalSearch/mecab/mecab-ipadic/missing automake-1.4'
CHARSET=''
DEFS=''
ECHO_C=''
ECHO_N='-n'
ECHO_T=''
INSTALL_DATA='${INSTALL} -m 644'
INSTALL_PROGRAM='${INSTALL}'
INSTALL_SCRIPT='${INSTALL}'
LIBOBJS=''
LIBS=''
LTLIBOBJS=''
MAKEINFO='/Guitar/IncrementalSearch/mecab/mecab-ipadic/missing makeinfo'
MECAB_CONFIG='no'
MECAB_DICDIR='no'
MECAB_DICT_INDEX=''
MECAB_GENDATA=''
MECAB_LEXICAL_DIC=''
MECAB_MECABRC=''
MECAB_PREDATA=''
PACKAGE='mecab-ipadic'
PACKAGE_BUGREPORT=''
PACKAGE_NAME=''
PACKAGE_STRING=''
PACKAGE_TARNAME=''
PACKAGE_VERSION=''
PATH_SEPARATOR=':'
SET_MAKE=''
SHELL='/bin/bash'
VERSION='2.7.0-20070801'
bindir='${exec_prefix}/bin'
build_alias=''
datadir='${datarootdir}'
datarootdir='${prefix}/share'
docdir='${datarootdir}/doc/${PACKAGE}'
dvidir='${docdir}'
exec_prefix='NONE'
host_alias=''
htmldir='${docdir}'
includedir='${prefix}/include'
infodir='${datarootdir}/info'
libdir='${exec_prefix}/lib'
libexecdir='${exec_prefix}/libexec'
localedir='${datarootdir}/locale'
localstatedir='${prefix}/var'
mandir='${datarootdir}/man'
oldincludedir='/usr/include'
pdfdir='${docdir}'
prefix='NONE'
program_transform_name='s,x,x,'
psdir='${docdir}'
sbindir='${exec_prefix}/sbin'
sharedstatedir='${prefix}/com'
sysconfdir='${prefix}/etc'
target_alias=''

## ----------- ##
## confdefs.h. ##
## ----------- ##

#define PACKAGE_NAME ""
#define PACKAGE_TARNAME ""
#define PACKAGE_VERSION ""
#define PACKAGE_STRING ""
#define PACKAGE_BUGREPORT ""
#define PACKAGE "mecab-ipadic"
#define VERSION "2.7.0-20070801"

configure: exit 1
